[2019-02-26 22:31:55,115] INFO org.github.dragos.vscode.Main$ - Starting server in /Users/christophernguyen/rust/rust-koans
[2019-02-26 22:31:55,115] INFO org.github.dragos.vscode.Main$ - Starting server in /Users/christophernguyen/rust/rust-koans
[2019-02-26 22:31:55,123] INFO org.github.dragos.vscode.Main$ - Classpath: /Users/christophernguyen/.vscode/extensions/dragos.scala-lsp-0.2.3/coursier
[2019-02-26 22:31:55,123] INFO org.github.dragos.vscode.Main$ - Classpath: /Users/christophernguyen/.vscode/extensions/dragos.scala-lsp-0.2.3/coursier
[2019-02-26 22:31:55,261] DEBUG langserver.core.MessageReader - Received headers:
Content-Length: 1209
[2019-02-26 22:31:55,261] DEBUG langserver.core.MessageReader - Received headers:
Content-Length: 1209
[2019-02-26 22:31:55,289] DEBUG langserver.core.Connection - Received {"jsonrpc":"2.0","id":0,"method":"initialize","params":{"processId":39855,"rootPath":"/Users/christophernguyen/rust/rust-koans","rootUri":"file:///Users/christophernguyen/rust/rust-koans","capabilities":{"workspace":{"applyEdit":true,"didChangeConfiguration":{"dynamicRegistration":false},"didChangeWatchedFiles":{"dynamicRegistration":false},"symbol":{"dynamicRegistration":true},"executeCommand":{"dynamicRegistration":true}},"textDocument":{"synchronization":{"dynamicRegistration":true,"willSave":true,"willSaveWaitUntil":true,"didSave":true},"completion":{"dynamicRegistration":true,"completionItem":{"snippetSupport":true}},"hover":{"dynamicRegistration":true},"signatureHelp":{"dynamicRegistration":true},"references":{"dynamicRegistration":true},"documentHighlight":{"dynamicRegistration":true},"documentSymbol":{"dynamicRegistration":true},"formatting":{"dynamicRegistration":true},"rangeFormatting":{"dynamicRegistration":true},"onTypeFormatting":{"dynamicRegistration":true},"definition":{"dynamicRegistration":true},"codeAction":{"dynamicRegistration":true},"codeLens":{"dynamicRegistration":true},"documentLink":{"dynamicRegistration":true},"rename":{"dynamicRegistration":true}}},"trace":"off"}}
[2019-02-26 22:31:55,289] DEBUG langserver.core.Connection - Received {"jsonrpc":"2.0","id":0,"method":"initialize","params":{"processId":39855,"rootPath":"/Users/christophernguyen/rust/rust-koans","rootUri":"file:///Users/christophernguyen/rust/rust-koans","capabilities":{"workspace":{"applyEdit":true,"didChangeConfiguration":{"dynamicRegistration":false},"didChangeWatchedFiles":{"dynamicRegistration":false},"symbol":{"dynamicRegistration":true},"executeCommand":{"dynamicRegistration":true}},"textDocument":{"synchronization":{"dynamicRegistration":true,"willSave":true,"willSaveWaitUntil":true,"didSave":true},"completion":{"dynamicRegistration":true,"completionItem":{"snippetSupport":true}},"hover":{"dynamicRegistration":true},"signatureHelp":{"dynamicRegistration":true},"references":{"dynamicRegistration":true},"documentHighlight":{"dynamicRegistration":true},"documentSymbol":{"dynamicRegistration":true},"formatting":{"dynamicRegistration":true},"rangeFormatting":{"dynamicRegistration":true},"onTypeFormatting":{"dynamicRegistration":true},"definition":{"dynamicRegistration":true},"codeAction":{"dynamicRegistration":true},"codeLens":{"dynamicRegistration":true},"documentLink":{"dynamicRegistration":true},"rename":{"dynamicRegistration":true}}},"trace":"off"}}
[2019-02-26 22:31:55,722] INFO org.github.dragos.vscode.EnsimeLanguageServer - Initialized with 39855, /Users/christophernguyen/rust/rust-koans, ClientCapabilities()
[2019-02-26 22:31:55,722] INFO org.github.dragos.vscode.EnsimeLanguageServer - Initialized with 39855, /Users/christophernguyen/rust/rust-koans, ClientCapabilities()
[2019-02-26 22:31:55,724] DEBUG org.github.dragos.vscode.EnsimeLanguageServer - ensime.config = "/Users/christophernguyen/rust/rust-koans/.ensime" 
[2019-02-26 22:31:55,724] DEBUG org.github.dragos.vscode.EnsimeLanguageServer - ensime.config = "/Users/christophernguyen/rust/rust-koans/.ensime" 
[2019-02-26 22:31:56,322] INFO akka.event.slf4j.Slf4jLogger - Slf4jLogger started
[2019-02-26 22:31:56,616] ERROR org.github.dragos.vscode.EnsimeLanguageServer - initializeEnsime Error: /Users/christophernguyen/rust/rust-koans/.ensime
[2019-02-26 22:31:56,616] ERROR org.github.dragos.vscode.EnsimeLanguageServer - initializeEnsime Error: /Users/christophernguyen/rust/rust-koans/.ensime
[2019-02-26 22:31:56,785] DEBUG langserver.core.MessageWriter - Content-Length: 146



{"jsonrpc":"2.0","method":"window/showMessage","params":{"tpe":1,"message":"No .ensime file in directory. Run `sbt ensimeConfig` to create one."}}
[2019-02-26 22:31:56,785] DEBUG langserver.core.MessageWriter - Content-Length: 146



{"jsonrpc":"2.0","method":"window/showMessage","params":{"tpe":1,"message":"No .ensime file in directory. Run `sbt ensimeConfig` to create one."}}
[2019-02-26 22:31:56,785] DEBUG langserver.core.MessageWriter - payload: {"jsonrpc":"2.0","method":"window/showMessage","params":{"tpe":1,"message":"No .ensime file in directory. Run `sbt ensimeConfig` to create one."}}
[2019-02-26 22:31:56,785] DEBUG langserver.core.MessageWriter - payload: {"jsonrpc":"2.0","method":"window/showMessage","params":{"tpe":1,"message":"No .ensime file in directory. Run `sbt ensimeConfig` to create one."}}
[2019-02-26 22:31:57,029] DEBUG langserver.core.MessageWriter - Content-Length: 441



{"jsonrpc":"2.0","result":{"capabilities":{"textDocumentSync":1,"hoverProvider":true,"completionProvider":{"resolveProvider":false,"triggerCharacters":["."]},"definitionProvider":true,"referencesProvider":false,"documentHighlightProvider":false,"documentSymbolProvider":true,"workspaceSymbolProvider":false,"codeActionProvider":false,"documentFormattingProvider":false,"documentRangeFormattingProvider":false,"renameProvider":false}},"id":0}
[2019-02-26 22:31:57,029] DEBUG langserver.core.MessageWriter - Content-Length: 441



{"jsonrpc":"2.0","result":{"capabilities":{"textDocumentSync":1,"hoverProvider":true,"completionProvider":{"resolveProvider":false,"triggerCharacters":["."]},"definitionProvider":true,"referencesProvider":false,"documentHighlightProvider":false,"documentSymbolProvider":true,"workspaceSymbolProvider":false,"codeActionProvider":false,"documentFormattingProvider":false,"documentRangeFormattingProvider":false,"renameProvider":false}},"id":0}
[2019-02-26 22:31:57,030] DEBUG langserver.core.MessageWriter - payload: {"jsonrpc":"2.0","result":{"capabilities":{"textDocumentSync":1,"hoverProvider":true,"completionProvider":{"resolveProvider":false,"triggerCharacters":["."]},"definitionProvider":true,"referencesProvider":false,"documentHighlightProvider":false,"documentSymbolProvider":true,"workspaceSymbolProvider":false,"codeActionProvider":false,"documentFormattingProvider":false,"documentRangeFormattingProvider":false,"renameProvider":false}},"id":0}
[2019-02-26 22:31:57,030] DEBUG langserver.core.MessageWriter - payload: {"jsonrpc":"2.0","result":{"capabilities":{"textDocumentSync":1,"hoverProvider":true,"completionProvider":{"resolveProvider":false,"triggerCharacters":["."]},"definitionProvider":true,"referencesProvider":false,"documentHighlightProvider":false,"documentSymbolProvider":true,"workspaceSymbolProvider":false,"codeActionProvider":false,"documentFormattingProvider":false,"documentRangeFormattingProvider":false,"renameProvider":false}},"id":0}
[2019-02-26 22:31:57,031] DEBUG langserver.core.MessageReader - Received headers:
Content-Length: 52
[2019-02-26 22:31:57,031] DEBUG langserver.core.MessageReader - Received headers:
Content-Length: 52
[2019-02-26 22:31:57,032] DEBUG langserver.core.Connection - Received {"jsonrpc":"2.0","method":"initialized","params":{}}
[2019-02-26 22:31:57,032] DEBUG langserver.core.Connection - Received {"jsonrpc":"2.0","method":"initialized","params":{}}
[2019-02-26 22:31:57,064] ERROR org.github.dragos.vscode.EnsimeLanguageServer - Unknown notification Initialized()
[2019-02-26 22:31:57,064] ERROR org.github.dragos.vscode.EnsimeLanguageServer - Unknown notification Initialized()
